2022-06-22 23:16:16,276 DEBUG Horse: Создание Horse, имя [Буцефал], скорость [2.4]
2022-06-22 23:16:16,277 DEBUG Horse: Создание Horse, имя [Туз Пик], скорость [2.5]
2022-06-22 23:16:16,277 DEBUG Horse: Создание Horse, имя [Зефир], скорость [2.6]
2022-06-22 23:16:16,277 DEBUG Horse: Создание Horse, имя [Пожар], скорость [2.7]
2022-06-22 23:16:16,277 DEBUG Horse: Создание Horse, имя [Лобстер], скорость [2.8]
2022-06-22 23:16:16,277 DEBUG Horse: Создание Horse, имя [Пегас], скорость [2.9]
2022-06-22 23:16:16,278 DEBUG Horse: Создание Horse, имя [Вишня], скорость [3.0]
2022-06-22 23:16:16,278 DEBUG Hippodrome: Создание Hippodrome, лошадей 7
2022-06-22 23:16:16,278 INFO  Main: Начало скачек. Количество участников: 7
2022-06-22 23:16:18,339 INFO  Main: Окончание скачек. Победитель: Вишня
2022-06-22 23:17:45,538 DEBUG Horse: Создание Horse, имя [Буцефал], скорость [2.4]
2022-06-22 23:17:45,538 DEBUG Horse: Создание Horse, имя [Туз Пик], скорость [2.5]
2022-06-22 23:17:45,538 DEBUG Horse: Создание Horse, имя [Зефир], скорость [2.6]
2022-06-22 23:17:45,539 DEBUG Horse: Создание Horse, имя [Пожар], скорость [2.7]
2022-06-22 23:17:45,539 DEBUG Horse: Создание Horse, имя [Лобстер], скорость [2.8]
2022-06-22 23:17:45,539 DEBUG Horse: Создание Horse, имя [Пегас], скорость [2.9]
2022-06-22 23:17:45,539 DEBUG Horse: Создание Horse, имя [Вишня], скорость [3.0]
2022-06-22 23:17:45,539 DEBUG Hippodrome: Создание Hippodrome, лошадей 7
2022-06-22 23:17:45,539 INFO  Main: Начало скачек. Количество участников: 7
2022-06-22 23:17:47,598 INFO  Main: Окончание скачек. Победитель: Пегас
2022-06-22 23:18:32,832 DEBUG Horse: Создание Horse, имя [Буцефал], скорость [2.4]
2022-06-22 23:18:32,832 DEBUG Horse: Создание Horse, имя [Туз Пик], скорость [2.5]
2022-06-22 23:18:32,832 DEBUG Horse: Создание Horse, имя [Зефир], скорость [2.6]
2022-06-22 23:18:32,833 DEBUG Horse: Создание Horse, имя [Пожар], скорость [2.7]
2022-06-22 23:18:32,833 DEBUG Horse: Создание Horse, имя [Лобстер], скорость [2.8]
2022-06-22 23:18:32,833 DEBUG Horse: Создание Horse, имя [Пегас], скорость [2.9]
2022-06-22 23:18:32,833 DEBUG Horse: Создание Horse, имя [Вишня], скорость [3.0]
2022-06-22 23:18:32,833 DEBUG Hippodrome: Создание Hippodrome, лошадей 7
2022-06-22 23:18:32,833 INFO  Main: Начало скачек. Количество участников: 7
2022-06-22 23:18:53,322 INFO  Main: Окончание скачек. Победитель: Вишня
